[2019-03-18T17:58:00.945] [ERROR] application - ReferenceError: isNumeric is not defined
    at C:\Users\nxl\Desktop\work_space\node-pro\img-mark\controllers\imgControllers.js:42:34
    at dispatch (C:\Users\nxl\Desktop\work_space\node-pro\img-mark\node_modules\koa-router\node_modules\koa-compose\index.js:44:32)
    at next (C:\Users\nxl\Desktop\work_space\node-pro\img-mark\node_modules\koa-router\node_modules\koa-compose\index.js:45:18)
    at C:\Users\nxl\Desktop\work_space\node-pro\img-mark\node_modules\koa-router\lib\router.js:346:16
    at dispatch (C:\Users\nxl\Desktop\work_space\node-pro\img-mark\node_modules\koa-router\node_modules\koa-compose\index.js:44:32)
    at C:\Users\nxl\Desktop\work_space\node-pro\img-mark\node_modules\koa-router\node_modules\koa-compose\index.js:36:12
    at dispatch (C:\Users\nxl\Desktop\work_space\node-pro\img-mark\node_modules\koa-router\lib\router.js:351:31)
    at dispatch (C:\Users\nxl\Desktop\work_space\node-pro\img-mark\node_modules\koa-compose\index.js:42:32)
    at serve (C:\Users\nxl\Desktop\work_space\node-pro\img-mark\node_modules\koa-static\index.js:53:15)
[2019-03-18T17:58:01.572] [ERROR] application - ReferenceError: isNumeric is not defined
    at C:\Users\nxl\Desktop\work_space\node-pro\img-mark\controllers\imgControllers.js:42:34
    at dispatch (C:\Users\nxl\Desktop\work_space\node-pro\img-mark\node_modules\koa-router\node_modules\koa-compose\index.js:44:32)
    at next (C:\Users\nxl\Desktop\work_space\node-pro\img-mark\node_modules\koa-router\node_modules\koa-compose\index.js:45:18)
    at C:\Users\nxl\Desktop\work_space\node-pro\img-mark\node_modules\koa-router\lib\router.js:346:16
    at dispatch (C:\Users\nxl\Desktop\work_space\node-pro\img-mark\node_modules\koa-router\node_modules\koa-compose\index.js:44:32)
    at C:\Users\nxl\Desktop\work_space\node-pro\img-mark\node_modules\koa-router\node_modules\koa-compose\index.js:36:12
    at dispatch (C:\Users\nxl\Desktop\work_space\node-pro\img-mark\node_modules\koa-router\lib\router.js:351:31)
    at dispatch (C:\Users\nxl\Desktop\work_space\node-pro\img-mark\node_modules\koa-compose\index.js:42:32)
    at serve (C:\Users\nxl\Desktop\work_space\node-pro\img-mark\node_modules\koa-static\index.js:53:15)
[2019-03-18T17:58:01.780] [ERROR] application - ReferenceError: isNumeric is not defined
    at C:\Users\nxl\Desktop\work_space\node-pro\img-mark\controllers\imgControllers.js:42:34
    at dispatch (C:\Users\nxl\Desktop\work_space\node-pro\img-mark\node_modules\koa-router\node_modules\koa-compose\index.js:44:32)
    at next (C:\Users\nxl\Desktop\work_space\node-pro\img-mark\node_modules\koa-router\node_modules\koa-compose\index.js:45:18)
    at C:\Users\nxl\Desktop\work_space\node-pro\img-mark\node_modules\koa-router\lib\router.js:346:16
    at dispatch (C:\Users\nxl\Desktop\work_space\node-pro\img-mark\node_modules\koa-router\node_modules\koa-compose\index.js:44:32)
    at C:\Users\nxl\Desktop\work_space\node-pro\img-mark\node_modules\koa-router\node_modules\koa-compose\index.js:36:12
    at dispatch (C:\Users\nxl\Desktop\work_space\node-pro\img-mark\node_modules\koa-router\lib\router.js:351:31)
    at dispatch (C:\Users\nxl\Desktop\work_space\node-pro\img-mark\node_modules\koa-compose\index.js:42:32)
    at serve (C:\Users\nxl\Desktop\work_space\node-pro\img-mark\node_modules\koa-static\index.js:53:15)
[2019-03-18T17:58:01.972] [ERROR] application - ReferenceError: isNumeric is not defined
    at C:\Users\nxl\Desktop\work_space\node-pro\img-mark\controllers\imgControllers.js:42:34
    at dispatch (C:\Users\nxl\Desktop\work_space\node-pro\img-mark\node_modules\koa-router\node_modules\koa-compose\index.js:44:32)
    at next (C:\Users\nxl\Desktop\work_space\node-pro\img-mark\node_modules\koa-router\node_modules\koa-compose\index.js:45:18)
    at C:\Users\nxl\Desktop\work_space\node-pro\img-mark\node_modules\koa-router\lib\router.js:346:16
    at dispatch (C:\Users\nxl\Desktop\work_space\node-pro\img-mark\node_modules\koa-router\node_modules\koa-compose\index.js:44:32)
    at C:\Users\nxl\Desktop\work_space\node-pro\img-mark\node_modules\koa-router\node_modules\koa-compose\index.js:36:12
    at dispatch (C:\Users\nxl\Desktop\work_space\node-pro\img-mark\node_modules\koa-router\lib\router.js:351:31)
    at dispatch (C:\Users\nxl\Desktop\work_space\node-pro\img-mark\node_modules\koa-compose\index.js:42:32)
    at serve (C:\Users\nxl\Desktop\work_space\node-pro\img-mark\node_modules\koa-static\index.js:53:15)
[2019-03-18T17:59:51.113] [ERROR] application - Error: 参数错误
    at C:\Users\nxl\Desktop\work_space\node-pro\img-mark\controllers\imgControllers.js:46:15
    at dispatch (C:\Users\nxl\Desktop\work_space\node-pro\img-mark\node_modules\koa-router\node_modules\koa-compose\index.js:44:32)
    at next (C:\Users\nxl\Desktop\work_space\node-pro\img-mark\node_modules\koa-router\node_modules\koa-compose\index.js:45:18)
    at C:\Users\nxl\Desktop\work_space\node-pro\img-mark\node_modules\koa-router\lib\router.js:346:16
    at dispatch (C:\Users\nxl\Desktop\work_space\node-pro\img-mark\node_modules\koa-router\node_modules\koa-compose\index.js:44:32)
    at C:\Users\nxl\Desktop\work_space\node-pro\img-mark\node_modules\koa-router\node_modules\koa-compose\index.js:36:12
    at dispatch (C:\Users\nxl\Desktop\work_space\node-pro\img-mark\node_modules\koa-router\lib\router.js:351:31)
    at dispatch (C:\Users\nxl\Desktop\work_space\node-pro\img-mark\node_modules\koa-compose\index.js:42:32)
    at serve (C:\Users\nxl\Desktop\work_space\node-pro\img-mark\node_modules\koa-static\index.js:53:15)
[2019-03-18T18:10:42.386] [ERROR] application - TypeError: Expected string but received a undefined.
    at assertString (C:\Users\nxl\Desktop\work_space\node-pro\img-mark\node_modules\validator\lib\util\assertString.js:28:11)
    at Object.isAscii (C:\Users\nxl\Desktop\work_space\node-pro\img-mark\node_modules\validator\lib\isAscii.js:17:29)
    at ruleArr.every (C:\Users\nxl\Desktop\work_space\node-pro\img-mark\utils\paramVerify.js:10:76)
    at Array.every (<anonymous>)
    at value.map (C:\Users\nxl\Desktop\work_space\node-pro\img-mark\utils\paramVerify.js:10:47)
    at Array.map (<anonymous>)
    at Img.selectRule (C:\Users\nxl\Desktop\work_space\node-pro\img-mark\utils\paramVerify.js:10:28)
    at C:\Users\nxl\Desktop\work_space\node-pro\img-mark\controllers\imgControllers.js:45:16
    at dispatch (C:\Users\nxl\Desktop\work_space\node-pro\img-mark\node_modules\koa-router\node_modules\koa-compose\index.js:44:32)
    at next (C:\Users\nxl\Desktop\work_space\node-pro\img-mark\node_modules\koa-router\node_modules\koa-compose\index.js:45:18)
    at C:\Users\nxl\Desktop\work_space\node-pro\img-mark\node_modules\koa-router\lib\router.js:346:16
    at dispatch (C:\Users\nxl\Desktop\work_space\node-pro\img-mark\node_modules\koa-router\node_modules\koa-compose\index.js:44:32)
    at C:\Users\nxl\Desktop\work_space\node-pro\img-mark\node_modules\koa-router\node_modules\koa-compose\index.js:36:12
    at dispatch (C:\Users\nxl\Desktop\work_space\node-pro\img-mark\node_modules\koa-router\lib\router.js:351:31)
    at dispatch (C:\Users\nxl\Desktop\work_space\node-pro\img-mark\node_modules\koa-compose\index.js:42:32)
    at serve (C:\Users\nxl\Desktop\work_space\node-pro\img-mark\node_modules\koa-static\index.js:53:15)
[2019-03-18T18:10:53.472] [ERROR] application - TypeError: Expected string but received a undefined.
    at assertString (C:\Users\nxl\Desktop\work_space\node-pro\img-mark\node_modules\validator\lib\util\assertString.js:28:11)
    at Object.isAscii (C:\Users\nxl\Desktop\work_space\node-pro\img-mark\node_modules\validator\lib\isAscii.js:17:29)
    at ruleArr.every (C:\Users\nxl\Desktop\work_space\node-pro\img-mark\utils\paramVerify.js:10:76)
    at Array.every (<anonymous>)
    at value.map (C:\Users\nxl\Desktop\work_space\node-pro\img-mark\utils\paramVerify.js:10:47)
    at Array.map (<anonymous>)
    at Img.selectRule (C:\Users\nxl\Desktop\work_space\node-pro\img-mark\utils\paramVerify.js:10:28)
    at C:\Users\nxl\Desktop\work_space\node-pro\img-mark\controllers\imgControllers.js:45:24
    at dispatch (C:\Users\nxl\Desktop\work_space\node-pro\img-mark\node_modules\koa-router\node_modules\koa-compose\index.js:44:32)
    at next (C:\Users\nxl\Desktop\work_space\node-pro\img-mark\node_modules\koa-router\node_modules\koa-compose\index.js:45:18)
    at C:\Users\nxl\Desktop\work_space\node-pro\img-mark\node_modules\koa-router\lib\router.js:346:16
    at dispatch (C:\Users\nxl\Desktop\work_space\node-pro\img-mark\node_modules\koa-router\node_modules\koa-compose\index.js:44:32)
    at C:\Users\nxl\Desktop\work_space\node-pro\img-mark\node_modules\koa-router\node_modules\koa-compose\index.js:36:12
    at dispatch (C:\Users\nxl\Desktop\work_space\node-pro\img-mark\node_modules\koa-router\lib\router.js:351:31)
    at dispatch (C:\Users\nxl\Desktop\work_space\node-pro\img-mark\node_modules\koa-compose\index.js:42:32)
    at serve (C:\Users\nxl\Desktop\work_space\node-pro\img-mark\node_modules\koa-static\index.js:53:15)
[2019-03-18T18:11:01.823] [ERROR] application - TypeError: Expected string but received a undefined.
    at assertString (C:\Users\nxl\Desktop\work_space\node-pro\img-mark\node_modules\validator\lib\util\assertString.js:28:11)
    at Object.isAscii (C:\Users\nxl\Desktop\work_space\node-pro\img-mark\node_modules\validator\lib\isAscii.js:17:29)
    at ruleArr.every (C:\Users\nxl\Desktop\work_space\node-pro\img-mark\utils\paramVerify.js:10:76)
    at Array.every (<anonymous>)
    at value.map (C:\Users\nxl\Desktop\work_space\node-pro\img-mark\utils\paramVerify.js:10:47)
    at Array.map (<anonymous>)
    at Img.selectRule (C:\Users\nxl\Desktop\work_space\node-pro\img-mark\utils\paramVerify.js:10:28)
    at C:\Users\nxl\Desktop\work_space\node-pro\img-mark\controllers\imgControllers.js:45:24
    at dispatch (C:\Users\nxl\Desktop\work_space\node-pro\img-mark\node_modules\koa-router\node_modules\koa-compose\index.js:44:32)
    at next (C:\Users\nxl\Desktop\work_space\node-pro\img-mark\node_modules\koa-router\node_modules\koa-compose\index.js:45:18)
    at C:\Users\nxl\Desktop\work_space\node-pro\img-mark\node_modules\koa-router\lib\router.js:346:16
    at dispatch (C:\Users\nxl\Desktop\work_space\node-pro\img-mark\node_modules\koa-router\node_modules\koa-compose\index.js:44:32)
    at C:\Users\nxl\Desktop\work_space\node-pro\img-mark\node_modules\koa-router\node_modules\koa-compose\index.js:36:12
    at dispatch (C:\Users\nxl\Desktop\work_space\node-pro\img-mark\node_modules\koa-router\lib\router.js:351:31)
    at dispatch (C:\Users\nxl\Desktop\work_space\node-pro\img-mark\node_modules\koa-compose\index.js:42:32)
    at serve (C:\Users\nxl\Desktop\work_space\node-pro\img-mark\node_modules\koa-static\index.js:53:15)
[2019-03-18T18:11:02.063] [ERROR] application - TypeError: Expected string but received a undefined.
    at assertString (C:\Users\nxl\Desktop\work_space\node-pro\img-mark\node_modules\validator\lib\util\assertString.js:28:11)
    at Object.isAscii (C:\Users\nxl\Desktop\work_space\node-pro\img-mark\node_modules\validator\lib\isAscii.js:17:29)
    at ruleArr.every (C:\Users\nxl\Desktop\work_space\node-pro\img-mark\utils\paramVerify.js:10:76)
    at Array.every (<anonymous>)
    at value.map (C:\Users\nxl\Desktop\work_space\node-pro\img-mark\utils\paramVerify.js:10:47)
    at Array.map (<anonymous>)
    at Img.selectRule (C:\Users\nxl\Desktop\work_space\node-pro\img-mark\utils\paramVerify.js:10:28)
    at C:\Users\nxl\Desktop\work_space\node-pro\img-mark\controllers\imgControllers.js:45:24
    at dispatch (C:\Users\nxl\Desktop\work_space\node-pro\img-mark\node_modules\koa-router\node_modules\koa-compose\index.js:44:32)
    at next (C:\Users\nxl\Desktop\work_space\node-pro\img-mark\node_modules\koa-router\node_modules\koa-compose\index.js:45:18)
    at C:\Users\nxl\Desktop\work_space\node-pro\img-mark\node_modules\koa-router\lib\router.js:346:16
    at dispatch (C:\Users\nxl\Desktop\work_space\node-pro\img-mark\node_modules\koa-router\node_modules\koa-compose\index.js:44:32)
    at C:\Users\nxl\Desktop\work_space\node-pro\img-mark\node_modules\koa-router\node_modules\koa-compose\index.js:36:12
    at dispatch (C:\Users\nxl\Desktop\work_space\node-pro\img-mark\node_modules\koa-router\lib\router.js:351:31)
    at dispatch (C:\Users\nxl\Desktop\work_space\node-pro\img-mark\node_modules\koa-compose\index.js:42:32)
    at serve (C:\Users\nxl\Desktop\work_space\node-pro\img-mark\node_modules\koa-static\index.js:53:15)
[2019-03-18T18:11:09.701] [ERROR] application - TypeError: Expected string but received a undefined.
    at assertString (C:\Users\nxl\Desktop\work_space\node-pro\img-mark\node_modules\validator\lib\util\assertString.js:28:11)
    at Object.isAscii (C:\Users\nxl\Desktop\work_space\node-pro\img-mark\node_modules\validator\lib\isAscii.js:17:29)
    at ruleArr.every (C:\Users\nxl\Desktop\work_space\node-pro\img-mark\utils\paramVerify.js:10:76)
    at Array.every (<anonymous>)
    at value.map (C:\Users\nxl\Desktop\work_space\node-pro\img-mark\utils\paramVerify.js:10:47)
    at Array.map (<anonymous>)
    at Img.selectRule (C:\Users\nxl\Desktop\work_space\node-pro\img-mark\utils\paramVerify.js:10:28)
    at C:\Users\nxl\Desktop\work_space\node-pro\img-mark\controllers\imgControllers.js:45:24
    at dispatch (C:\Users\nxl\Desktop\work_space\node-pro\img-mark\node_modules\koa-router\node_modules\koa-compose\index.js:44:32)
    at next (C:\Users\nxl\Desktop\work_space\node-pro\img-mark\node_modules\koa-router\node_modules\koa-compose\index.js:45:18)
    at C:\Users\nxl\Desktop\work_space\node-pro\img-mark\node_modules\koa-router\lib\router.js:346:16
    at dispatch (C:\Users\nxl\Desktop\work_space\node-pro\img-mark\node_modules\koa-router\node_modules\koa-compose\index.js:44:32)
    at C:\Users\nxl\Desktop\work_space\node-pro\img-mark\node_modules\koa-router\node_modules\koa-compose\index.js:36:12
    at dispatch (C:\Users\nxl\Desktop\work_space\node-pro\img-mark\node_modules\koa-router\lib\router.js:351:31)
    at dispatch (C:\Users\nxl\Desktop\work_space\node-pro\img-mark\node_modules\koa-compose\index.js:42:32)
    at serve (C:\Users\nxl\Desktop\work_space\node-pro\img-mark\node_modules\koa-static\index.js:53:15)
[2019-03-18T18:11:20.026] [ERROR] application - { TypeError: Expected string but received a undefined.
    at assertString (C:\Users\nxl\Desktop\work_space\node-pro\img-mark\node_modules\validator\lib\util\assertString.js:28:11)
    at Object.isAscii (C:\Users\nxl\Desktop\work_space\node-pro\img-mark\node_modules\validator\lib\isAscii.js:17:29)
    at ruleArr.every (C:\Users\nxl\Desktop\work_space\node-pro\img-mark\utils\paramVerify.js:10:76)
    at Array.every (<anonymous>)
    at value.map (C:\Users\nxl\Desktop\work_space\node-pro\img-mark\utils\paramVerify.js:10:47)
    at Array.map (<anonymous>)
    at Img.selectRule (C:\Users\nxl\Desktop\work_space\node-pro\img-mark\utils\paramVerify.js:10:28)
    at C:\Users\nxl\Desktop\work_space\node-pro\img-mark\controllers\imgControllers.js:45:24
    at dispatch (C:\Users\nxl\Desktop\work_space\node-pro\img-mark\node_modules\koa-router\node_modules\koa-compose\index.js:44:32)
    at next (C:\Users\nxl\Desktop\work_space\node-pro\img-mark\node_modules\koa-router\node_modules\koa-compose\index.js:45:18)
    at C:\Users\nxl\Desktop\work_space\node-pro\img-mark\node_modules\koa-router\lib\router.js:346:16
    at dispatch (C:\Users\nxl\Desktop\work_space\node-pro\img-mark\node_modules\koa-router\node_modules\koa-compose\index.js:44:32)
    at C:\Users\nxl\Desktop\work_space\node-pro\img-mark\node_modules\koa-router\node_modules\koa-compose\index.js:36:12
    at dispatch (C:\Users\nxl\Desktop\work_space\node-pro\img-mark\node_modules\koa-router\lib\router.js:351:31)
    at dispatch (C:\Users\nxl\Desktop\work_space\node-pro\img-mark\node_modules\koa-compose\index.js:42:32)
    at serve (C:\Users\nxl\Desktop\work_space\node-pro\img-mark\node_modules\koa-static\index.js:53:15) headerSent: true }
[2019-03-18T18:11:20.029] [ERROR] application - TypeError: Expected string but received a undefined.
    at assertString (C:\Users\nxl\Desktop\work_space\node-pro\img-mark\node_modules\validator\lib\util\assertString.js:28:11)
    at Object.isAscii (C:\Users\nxl\Desktop\work_space\node-pro\img-mark\node_modules\validator\lib\isAscii.js:17:29)
    at ruleArr.every (C:\Users\nxl\Desktop\work_space\node-pro\img-mark\utils\paramVerify.js:10:76)
    at Array.every (<anonymous>)
    at value.map (C:\Users\nxl\Desktop\work_space\node-pro\img-mark\utils\paramVerify.js:10:47)
    at Array.map (<anonymous>)
    at Img.selectRule (C:\Users\nxl\Desktop\work_space\node-pro\img-mark\utils\paramVerify.js:10:28)
    at C:\Users\nxl\Desktop\work_space\node-pro\img-mark\controllers\imgControllers.js:45:24
    at dispatch (C:\Users\nxl\Desktop\work_space\node-pro\img-mark\node_modules\koa-router\node_modules\koa-compose\index.js:44:32)
    at next (C:\Users\nxl\Desktop\work_space\node-pro\img-mark\node_modules\koa-router\node_modules\koa-compose\index.js:45:18)
    at C:\Users\nxl\Desktop\work_space\node-pro\img-mark\node_modules\koa-router\lib\router.js:346:16
    at dispatch (C:\Users\nxl\Desktop\work_space\node-pro\img-mark\node_modules\koa-router\node_modules\koa-compose\index.js:44:32)
    at C:\Users\nxl\Desktop\work_space\node-pro\img-mark\node_modules\koa-router\node_modules\koa-compose\index.js:36:12
    at dispatch (C:\Users\nxl\Desktop\work_space\node-pro\img-mark\node_modules\koa-router\lib\router.js:351:31)
    at dispatch (C:\Users\nxl\Desktop\work_space\node-pro\img-mark\node_modules\koa-compose\index.js:42:32)
    at serve (C:\Users\nxl\Desktop\work_space\node-pro\img-mark\node_modules\koa-static\index.js:53:15)
[2019-03-18T18:11:20.235] [ERROR] application - TypeError: Expected string but received a undefined.
    at assertString (C:\Users\nxl\Desktop\work_space\node-pro\img-mark\node_modules\validator\lib\util\assertString.js:28:11)
    at Object.isAscii (C:\Users\nxl\Desktop\work_space\node-pro\img-mark\node_modules\validator\lib\isAscii.js:17:29)
    at ruleArr.every (C:\Users\nxl\Desktop\work_space\node-pro\img-mark\utils\paramVerify.js:10:76)
    at Array.every (<anonymous>)
    at value.map (C:\Users\nxl\Desktop\work_space\node-pro\img-mark\utils\paramVerify.js:10:47)
    at Array.map (<anonymous>)
    at Img.selectRule (C:\Users\nxl\Desktop\work_space\node-pro\img-mark\utils\paramVerify.js:10:28)
    at C:\Users\nxl\Desktop\work_space\node-pro\img-mark\controllers\imgControllers.js:45:24
    at dispatch (C:\Users\nxl\Desktop\work_space\node-pro\img-mark\node_modules\koa-router\node_modules\koa-compose\index.js:44:32)
    at next (C:\Users\nxl\Desktop\work_space\node-pro\img-mark\node_modules\koa-router\node_modules\koa-compose\index.js:45:18)
    at C:\Users\nxl\Desktop\work_space\node-pro\img-mark\node_modules\koa-router\lib\router.js:346:16
    at dispatch (C:\Users\nxl\Desktop\work_space\node-pro\img-mark\node_modules\koa-router\node_modules\koa-compose\index.js:44:32)
    at C:\Users\nxl\Desktop\work_space\node-pro\img-mark\node_modules\koa-router\node_modules\koa-compose\index.js:36:12
    at dispatch (C:\Users\nxl\Desktop\work_space\node-pro\img-mark\node_modules\koa-router\lib\router.js:351:31)
    at dispatch (C:\Users\nxl\Desktop\work_space\node-pro\img-mark\node_modules\koa-compose\index.js:42:32)
    at serve (C:\Users\nxl\Desktop\work_space\node-pro\img-mark\node_modules\koa-static\index.js:53:15)
[2019-03-18T18:11:20.422] [ERROR] application - TypeError: Expected string but received a undefined.
    at assertString (C:\Users\nxl\Desktop\work_space\node-pro\img-mark\node_modules\validator\lib\util\assertString.js:28:11)
    at Object.isAscii (C:\Users\nxl\Desktop\work_space\node-pro\img-mark\node_modules\validator\lib\isAscii.js:17:29)
    at ruleArr.every (C:\Users\nxl\Desktop\work_space\node-pro\img-mark\utils\paramVerify.js:10:76)
    at Array.every (<anonymous>)
    at value.map (C:\Users\nxl\Desktop\work_space\node-pro\img-mark\utils\paramVerify.js:10:47)
    at Array.map (<anonymous>)
    at Img.selectRule (C:\Users\nxl\Desktop\work_space\node-pro\img-mark\utils\paramVerify.js:10:28)
    at C:\Users\nxl\Desktop\work_space\node-pro\img-mark\controllers\imgControllers.js:45:24
    at dispatch (C:\Users\nxl\Desktop\work_space\node-pro\img-mark\node_modules\koa-router\node_modules\koa-compose\index.js:44:32)
    at next (C:\Users\nxl\Desktop\work_space\node-pro\img-mark\node_modules\koa-router\node_modules\koa-compose\index.js:45:18)
    at C:\Users\nxl\Desktop\work_space\node-pro\img-mark\node_modules\koa-router\lib\router.js:346:16
    at dispatch (C:\Users\nxl\Desktop\work_space\node-pro\img-mark\node_modules\koa-router\node_modules\koa-compose\index.js:44:32)
    at C:\Users\nxl\Desktop\work_space\node-pro\img-mark\node_modules\koa-router\node_modules\koa-compose\index.js:36:12
    at dispatch (C:\Users\nxl\Desktop\work_space\node-pro\img-mark\node_modules\koa-router\lib\router.js:351:31)
    at dispatch (C:\Users\nxl\Desktop\work_space\node-pro\img-mark\node_modules\koa-compose\index.js:42:32)
    at serve (C:\Users\nxl\Desktop\work_space\node-pro\img-mark\node_modules\koa-static\index.js:53:15)
[2019-03-18T18:11:20.619] [ERROR] application - TypeError: Expected string but received a undefined.
    at assertString (C:\Users\nxl\Desktop\work_space\node-pro\img-mark\node_modules\validator\lib\util\assertString.js:28:11)
    at Object.isAscii (C:\Users\nxl\Desktop\work_space\node-pro\img-mark\node_modules\validator\lib\isAscii.js:17:29)
    at ruleArr.every (C:\Users\nxl\Desktop\work_space\node-pro\img-mark\utils\paramVerify.js:10:76)
    at Array.every (<anonymous>)
    at value.map (C:\Users\nxl\Desktop\work_space\node-pro\img-mark\utils\paramVerify.js:10:47)
    at Array.map (<anonymous>)
    at Img.selectRule (C:\Users\nxl\Desktop\work_space\node-pro\img-mark\utils\paramVerify.js:10:28)
    at C:\Users\nxl\Desktop\work_space\node-pro\img-mark\controllers\imgControllers.js:45:24
    at dispatch (C:\Users\nxl\Desktop\work_space\node-pro\img-mark\node_modules\koa-router\node_modules\koa-compose\index.js:44:32)
    at next (C:\Users\nxl\Desktop\work_space\node-pro\img-mark\node_modules\koa-router\node_modules\koa-compose\index.js:45:18)
    at C:\Users\nxl\Desktop\work_space\node-pro\img-mark\node_modules\koa-router\lib\router.js:346:16
    at dispatch (C:\Users\nxl\Desktop\work_space\node-pro\img-mark\node_modules\koa-router\node_modules\koa-compose\index.js:44:32)
    at C:\Users\nxl\Desktop\work_space\node-pro\img-mark\node_modules\koa-router\node_modules\koa-compose\index.js:36:12
    at dispatch (C:\Users\nxl\Desktop\work_space\node-pro\img-mark\node_modules\koa-router\lib\router.js:351:31)
    at dispatch (C:\Users\nxl\Desktop\work_space\node-pro\img-mark\node_modules\koa-compose\index.js:42:32)
    at serve (C:\Users\nxl\Desktop\work_space\node-pro\img-mark\node_modules\koa-static\index.js:53:15)
[2019-03-18T18:12:38.996] [ERROR] application - ReferenceError: resultArr is not defined
    at Img.selectRule (C:\Users\nxl\Desktop\work_space\node-pro\img-mark\utils\paramVerify.js:11:22)
    at C:\Users\nxl\Desktop\work_space\node-pro\img-mark\controllers\imgControllers.js:45:24
    at dispatch (C:\Users\nxl\Desktop\work_space\node-pro\img-mark\node_modules\koa-router\node_modules\koa-compose\index.js:44:32)
    at next (C:\Users\nxl\Desktop\work_space\node-pro\img-mark\node_modules\koa-router\node_modules\koa-compose\index.js:45:18)
    at C:\Users\nxl\Desktop\work_space\node-pro\img-mark\node_modules\koa-router\lib\router.js:346:16
    at dispatch (C:\Users\nxl\Desktop\work_space\node-pro\img-mark\node_modules\koa-router\node_modules\koa-compose\index.js:44:32)
    at C:\Users\nxl\Desktop\work_space\node-pro\img-mark\node_modules\koa-router\node_modules\koa-compose\index.js:36:12
    at dispatch (C:\Users\nxl\Desktop\work_space\node-pro\img-mark\node_modules\koa-router\lib\router.js:351:31)
    at dispatch (C:\Users\nxl\Desktop\work_space\node-pro\img-mark\node_modules\koa-compose\index.js:42:32)
    at serve (C:\Users\nxl\Desktop\work_space\node-pro\img-mark\node_modules\koa-static\index.js:53:15)
[2019-03-18T18:17:07.850] [ERROR] application - { Error: connect ECONNREFUSED 127.0.0.1:3306
    at TCPConnectWrap.afterConnect [as oncomplete] (net.js:1097:14)
    --------------------
    at Protocol._enqueue (C:\Users\nxl\Desktop\work_space\node-pro\img-mark\node_modules\mysql\lib\protocol\Protocol.js:144:48)
    at Protocol.handshake (C:\Users\nxl\Desktop\work_space\node-pro\img-mark\node_modules\mysql\lib\protocol\Protocol.js:51:23)
    at Connection.connect (C:\Users\nxl\Desktop\work_space\node-pro\img-mark\node_modules\mysql\lib\Connection.js:118:18)
    at _bluebird.default (C:\Users\nxl\Desktop\work_space\node-pro\img-mark\node_modules\knex\lib\dialects\mysql\index.js:82:18)
    at Promise._execute (C:\Users\nxl\Desktop\work_space\node-pro\img-mark\node_modules\bluebird\js\release\debuggability.js:313:9)
    at Promise._resolveFromExecutor (C:\Users\nxl\Desktop\work_space\node-pro\img-mark\node_modules\bluebird\js\release\promise.js:483:18)
    at new Promise (C:\Users\nxl\Desktop\work_space\node-pro\img-mark\node_modules\bluebird\js\release\promise.js:79:10)
    at Client_MySQL.acquireRawConnection (C:\Users\nxl\Desktop\work_space\node-pro\img-mark\node_modules\knex\lib\dialects\mysql\index.js:77:12)
    at create (C:\Users\nxl\Desktop\work_space\node-pro\img-mark\node_modules\knex\lib\client.js:282:21)
    at tryPromise (C:\Users\nxl\Desktop\work_space\node-pro\img-mark\node_modules\tarn\lib\Pool.js:366:22)
    at tryPromise (C:\Users\nxl\Desktop\work_space\node-pro\img-mark\node_modules\tarn\lib\utils.js:57:20)
    at Promise (C:\Users\nxl\Desktop\work_space\node-pro\img-mark\node_modules\tarn\lib\Pool.js:366:5)
    at new Promise (<anonymous>)
    at callbackOrPromise (C:\Users\nxl\Desktop\work_space\node-pro\img-mark\node_modules\tarn\lib\Pool.js:357:10)
    at Pool._create (C:\Users\nxl\Desktop\work_space\node-pro\img-mark\node_modules\tarn\lib\Pool.js:307:5)
    at Pool._doCreate (C:\Users\nxl\Desktop\work_space\node-pro\img-mark\node_modules\tarn\lib\Pool.js:275:32)
  errno: 'ECONNREFUSED',
  code: 'ECONNREFUSED',
  syscall: 'connect',
  address: '127.0.0.1',
  port: 3306,
  fatal: true }
